[debug] [2024-09-02T10:22:37.044Z] ----------------------------------------------------------------------
[debug] [2024-09-02T10:22:37.047Z] Command:       C:\Program Files\nodejs\node.exe C:\Program Files\nodejs\node_modules\firebase-tools\lib\bin\firebase.js init
[debug] [2024-09-02T10:22:37.048Z] CLI Version:   13.16.0
[debug] [2024-09-02T10:22:37.048Z] Platform:      win32
[debug] [2024-09-02T10:22:37.048Z] Node Version:  v22.4.0
[debug] [2024-09-02T10:22:37.048Z] Time:          Mon Sep 02 2024 15:52:37 GMT+0530 (India Standard Time)
[debug] [2024-09-02T10:22:37.048Z] ----------------------------------------------------------------------
[debug] 
[debug] [2024-09-02T10:22:37.149Z] > command requires scopes: ["email","openid","https://www.googleapis.com/auth/cloudplatformprojects.readonly","https://www.googleapis.com/auth/firebase","https://www.googleapis.com/auth/cloud-platform"]
[debug] [2024-09-02T10:22:37.150Z] > authorizing via signed-in user (megharanbasith4401@gmail.com)
[info] 
     ######## #### ########  ######## ########     ###     ######  ########
     ##        ##  ##     ## ##       ##     ##  ##   ##  ##       ##
     ######    ##  ########  ######   ########  #########  ######  ######
     ##        ##  ##    ##  ##       ##     ## ##     ##       ## ##
     ##       #### ##     ## ######## ########  ##     ##  ######  ########

You're about to initialize a Firebase project in this directory:

  D:\BasithFts\Frontend\Apps4x\Documentation-App\DocumentApp

Before we get started, keep in mind:

  * You are initializing within an existing Firebase project directory

[info] 
=== Project Setup
[info] 
[info] First, let's associate this project directory with a Firebase project.
[info] You can create multiple project aliases by running firebase use --add, 
[info] but for now we'll just set up a default project.
[info] 
[debug] [2024-09-02T10:22:47.673Z] Using project from CLI flag: fts-documentation-application
[debug] [2024-09-02T10:22:47.675Z] >>> [apiv2][query] GET https://firebase.googleapis.com/v1beta1/projects/fts-documentation-application [none]
[debug] [2024-09-02T10:22:48.514Z] <<< [apiv2][status] GET https://firebase.googleapis.com/v1beta1/projects/fts-documentation-application 200
[debug] [2024-09-02T10:22:48.514Z] <<< [apiv2][body] GET https://firebase.googleapis.com/v1beta1/projects/fts-documentation-application {"projectId":"fts-documentation-application","projectNumber":"601050061194","displayName":"FTS-Documentation-Application","name":"projects/fts-documentation-application","resources":{"hostingSite":"fts-documentation-application"},"state":"ACTIVE","etag":"1_c06d2590-e771-40a0-8150-5777c2b6b44f"}
[info] i  Using project fts-documentation-application (FTS-Documentation-Application) 
[info] 
=== Hosting Setup
[debug] [2024-09-02T10:22:48.523Z] >>> [apiv2][query] GET https://firebase.googleapis.com/v1beta1/projects/fts-documentation-application [none]
[debug] [2024-09-02T10:22:48.879Z] <<< [apiv2][status] GET https://firebase.googleapis.com/v1beta1/projects/fts-documentation-application 200
[debug] [2024-09-02T10:22:48.879Z] <<< [apiv2][body] GET https://firebase.googleapis.com/v1beta1/projects/fts-documentation-application {"projectId":"fts-documentation-application","projectNumber":"601050061194","displayName":"FTS-Documentation-Application","name":"projects/fts-documentation-application","resources":{"hostingSite":"fts-documentation-application"},"state":"ACTIVE","etag":"1_c06d2590-e771-40a0-8150-5777c2b6b44f"}
[info] 
[info] Your public directory is the folder (relative to your project directory) that
[info] will contain Hosting assets to be uploaded with firebase deploy. If you
[info] have a build process for your assets, use your build's output directory.
[info] 
